action: py3, msg: installpkg
cwd: /Users/abhishek/opensrc/araalinetworks/api/python/api
cmd: /Users/abhishek/opensrc/araalinetworks/api/python/api/.tox/py3/bin/python -m pip install --exists-action w .tox/.tmp/package/1/araali-0.0.23.tar.gz
Processing ./.tox/.tmp/package/1/araali-0.0.23.tar.gz
  Installing build dependencies: started
  Installing build dependencies: finished with status 'done'
  Getting requirements to build wheel: started
  Getting requirements to build wheel: finished with status 'done'
  Preparing metadata (pyproject.toml): started
  Preparing metadata (pyproject.toml): finished with status 'done'
Collecting python-dateutil
  Using cached python_dateutil-2.8.2-py2.py3-none-any.whl (247 kB)
Collecting requests
  Using cached requests-2.28.1-py3-none-any.whl (62 kB)
Collecting pyyaml
  Using cached PyYAML-6.0-cp310-cp310-macosx_10_9_x86_64.whl (197 kB)
Collecting six>=1.5
  Using cached six-1.16.0-py2.py3-none-any.whl (11 kB)
Collecting charset-normalizer<3,>=2
  Using cached charset_normalizer-2.1.0-py3-none-any.whl (39 kB)
Collecting certifi>=2017.4.17
  Using cached certifi-2022.6.15-py3-none-any.whl (160 kB)
Collecting urllib3<1.27,>=1.21.1
  Using cached urllib3-1.26.11-py2.py3-none-any.whl (139 kB)
Collecting idna<4,>=2.5
  Using cached idna-3.3-py3-none-any.whl (61 kB)
Building wheels for collected packages: araali
  Building wheel for araali (pyproject.toml): started
  Building wheel for araali (pyproject.toml): finished with status 'done'
  Created wheel for araali: filename=araali-0.0.23-py2.py3-none-any.whl size=45233 sha256=3d644f37e459fdad9de056266328af4afa4ac1b99bc77b3666be519c6cb31c28
  Stored in directory: /Users/abhishek/Library/Caches/pip/wheels/52/5f/2f/32c0cc471c5e56af71e9962b027e876cc65334d5c06a9c6eb7
Successfully built araali
Installing collected packages: urllib3, six, pyyaml, idna, charset-normalizer, certifi, requests, python-dateutil, araali
Successfully installed araali-0.0.23 certifi-2022.6.15 charset-normalizer-2.1.0 idna-3.3 python-dateutil-2.8.2 pyyaml-6.0 requests-2.28.1 six-1.16.0 urllib3-1.26.11
