action: py27, msg: envreport
cwd: /Users/abhishek/opensrc/araalinetworks/api/python/api
cmd: /Users/abhishek/opensrc/araalinetworks/api/python/api/.tox/py27/bin/python -m pip freeze
DEPRECATION: Python 2.7 reached the end of its life on January 1st, 2020. Please upgrade your Python as Python 2.7 is no longer maintained. pip 21.0 will drop support for Python 2.7 in January 2021. More details about Python 2 support in pip can be found at https://pip.pypa.io/en/latest/development/release-process/#python-2-support pip 21.0 will remove support for this functionality.
araali @ file:///Users/abhishek/opensrc/araalinetworks/api/python/api/.tox/.tmp/package/1/araali-0.0.23.tar.gz
atomicwrites==1.4.1
attrs==21.4.0
backports.functools-lru-cache==1.6.4
certifi==2021.10.8
chardet==4.0.0
configparser==4.0.2
contextlib2==0.6.0.post1
funcsigs==1.0.2
idna==2.10
importlib-metadata==2.1.3
more-itertools==5.0.0
packaging==20.9
pathlib2==2.3.7.post1
pluggy==0.13.1
py==1.11.0
pyparsing==2.4.7
pytest==4.6.11
python-dateutil==2.8.2
PyYAML==5.4.1
requests==2.27.1
scandir==1.10.0
six==1.16.0
typing==3.10.0.0
urllib3==1.26.11
wcwidth==0.2.5
zipp==1.2.0
