action: py27, msg: getenv
cwd: /Users/abhishek/opensrc/araalinetworks/api/python/api
cmd: /Users/abhishek/opensrc/araalinetworks/api/python/api/.tox/py27/bin/python -m pip install pytest
DEPRECATION: Python 2.7 reached the end of its life on January 1st, 2020. Please upgrade your Python as Python 2.7 is no longer maintained. pip 21.0 will drop support for Python 2.7 in January 2021. More details about Python 2 support in pip can be found at https://pip.pypa.io/en/latest/development/release-process/#python-2-support pip 21.0 will remove support for this functionality.
Collecting pytest
  Downloading pytest-4.6.11-py2.py3-none-any.whl (231 kB)
Collecting packaging
  Downloading packaging-20.9-py2.py3-none-any.whl (40 kB)
Collecting six>=1.10.0
  Using cached six-1.16.0-py2.py3-none-any.whl (11 kB)
Collecting attrs>=17.4.0
  Using cached attrs-21.4.0-py2.py3-none-any.whl (60 kB)
Collecting py>=1.5.0
  Using cached py-1.11.0-py2.py3-none-any.whl (98 kB)
Collecting importlib-metadata>=0.12; python_version < "3.8"
  Downloading importlib_metadata-2.1.3-py2.py3-none-any.whl (10 kB)
Collecting more-itertools<6.0.0,>=4.0.0; python_version <= "2.7"
  Downloading more_itertools-5.0.0-py2-none-any.whl (52 kB)
Collecting pluggy<1.0,>=0.12
  Downloading pluggy-0.13.1-py2.py3-none-any.whl (18 kB)
Collecting pathlib2>=2.2.0; python_version < "3.6"
  Downloading pathlib2-2.3.7.post1-py2.py3-none-any.whl (18 kB)
Collecting wcwidth
  Downloading wcwidth-0.2.5-py2.py3-none-any.whl (30 kB)
Collecting funcsigs>=1.0; python_version < "3.0"
  Downloading funcsigs-1.0.2-py2.py3-none-any.whl (17 kB)
Collecting atomicwrites>=1.0
  Using cached atomicwrites-1.4.1.tar.gz (14 kB)
Collecting pyparsing>=2.0.2
  Downloading pyparsing-2.4.7-py2.py3-none-any.whl (67 kB)
Collecting contextlib2; python_version < "3"
  Downloading contextlib2-0.6.0.post1-py2.py3-none-any.whl (9.8 kB)
Collecting configparser>=3.5; python_version < "3"
  Downloading configparser-4.0.2-py2.py3-none-any.whl (22 kB)
Collecting zipp>=0.5
  Downloading zipp-1.2.0-py2.py3-none-any.whl (4.8 kB)
Collecting scandir; python_version < "3.5"
  Downloading scandir-1.10.0.tar.gz (33 kB)
Collecting typing; python_version < "3.5"
  Downloading typing-3.10.0.0-py2-none-any.whl (26 kB)
Collecting backports.functools-lru-cache>=1.2.1; python_version < "3.2"
  Downloading backports.functools_lru_cache-1.6.4-py2.py3-none-any.whl (5.9 kB)
Building wheels for collected packages: atomicwrites, scandir
  Building wheel for atomicwrites (setup.py): started
  Building wheel for atomicwrites (setup.py): finished with status 'done'
  Created wheel for atomicwrites: filename=atomicwrites-1.4.1-py2.py3-none-any.whl size=6945 sha256=a88153e6586a32ad45498fbe768ff6ad655451ca2a08cae118251a7b1faeac78
  Stored in directory: /Users/abhishek/Library/Caches/pip/wheels/2f/ad/c7/8f63590ada41ee3d04e3633845cdbb899543f2def32ca31003
  Building wheel for scandir (setup.py): started
  Building wheel for scandir (setup.py): finished with status 'done'
  Created wheel for scandir: filename=scandir-1.10.0-cp27-cp27m-macosx_10_14_intel.whl size=18222 sha256=84f9d94e4a70a6f3fac128f72094673254eb196cb644d09e24ccce2de55a2f88
  Stored in directory: /Users/abhishek/Library/Caches/pip/wheels/58/2c/26/52406f7d1f19bcc47a6fbd1037a5f293492f5cf1d58c539edb
Successfully built atomicwrites scandir
Installing collected packages: pyparsing, packaging, six, attrs, py, scandir, typing, pathlib2, contextlib2, configparser, zipp, importlib-metadata, more-itertools, pluggy, backports.functools-lru-cache, wcwidth, funcsigs, atomicwrites, pytest
Successfully installed atomicwrites-1.4.1 attrs-21.4.0 backports.functools-lru-cache-1.6.4 configparser-4.0.2 contextlib2-0.6.0.post1 funcsigs-1.0.2 importlib-metadata-2.1.3 more-itertools-5.0.0 packaging-20.9 pathlib2-2.3.7.post1 pluggy-0.13.1 py-1.11.0 pyparsing-2.4.7 pytest-4.6.11 scandir-1.10.0 six-1.16.0 typing-3.10.0.0 wcwidth-0.2.5 zipp-1.2.0
