  EPIC NVMe Utilities, version 0.0.8, www.epicutils.com, Copyright (C) 2022 Joe Jones
       
  ------------------------------------------------------------------------------------------
  TEST RUN : NVMe Health Check
  ------------------------------------------------------------------------------------------
  Description : Verifies drive health and wear with diagnostic and SMART
  Start Time  : 2022-08-17 18:13:19.973880
  Directory   : /home/josephjones/Documents/nvme/run/20220817_181319
       
       ---------------------------------------------
       TEST 10: Drive Info
       ---------------------------------------------
       Description : Verifies drive information has no critical errors
       Directory   : /home/josephjones/Documents/nvme/run/20220817_181319/10_drive_info
       
       
       Duration    : 0.136 seconds
       Requirements: 0 passed, 0 failed 
       
       TEST PASSED
       
       ---------------------------------------------
       TEST 12: Drive Wear
       ---------------------------------------------
       Description : Verifies drive wear is within limit using SMART attributes
       Directory   : /home/josephjones/Documents/nvme/run/20220817_181319/12_drive_wear
       
 ----> FAIL :  Requirement 112. Percentage Written shall be less than 80%   [value: 80.6%]
       
       Duration    : 0.022 seconds
       Requirements: 3 passed, 1 failed 
       
 ----> TEST FAILED
       
       ---------------------------------------------
       TEST 13: Drive Health
       ---------------------------------------------
       Description : Verifies drive is healthy using SMART and prior self-test results
       Directory   : /home/josephjones/Documents/nvme/run/20220817_181319/13_drive_health
       
 ----> FAIL :  Requirement 117. Critical composite temperature time shall be 0   [value: 2]
       
       Duration    : 0.022 seconds
       Requirements: 4 passed, 1 failed 
       
 ----> TEST FAILED
       
       ---------------------------------------------
       TEST 14: Drive Features
       ---------------------------------------------
       Description : Verifies drive has tester required features
       Directory   : /home/josephjones/Documents/nvme/run/20220817_181319/14_drive_features
       
       
       Duration    : 0.026 seconds
       Requirements: 0 passed, 0 failed 
       
       TEST PASSED
       
       ---------------------------------------------
       TEST 15: Drive Diagnostic
       ---------------------------------------------
       Description : Short Self-Test Diagnostic
       Directory   : /home/josephjones/Documents/nvme/run/20220817_181319/15_drive_diagnostic
       
       
       Duration    : 111.132 seconds
       Requirements: 5 passed, 0 failed 
       
       TEST PASSED
       
       ---------------------------------------------
       TEST 900: Drive Parameter Change
       ---------------------------------------------
       Description : Compares drive parameters against earlier reading
       Directory   : /home/josephjones/Documents/nvme/run/20220817_181319/900_drive_parameter_change
       
       
       Duration    : 0.173 seconds
       Requirements: 7 passed, 0 failed 
       
       TEST PASSED
       
  End Time     : 2022-08-17 18:15:11.498007
  Duration     : 111.524 seconds
  Tests        : 6 (4 passed, 2 failed)
  Requirements : 20 (18 passed,2 failed)
  ------------------------------------------------------------------------------------------
  TEST RUN FAILED
  ------------------------------------------------------------------------------------------
  Creating report at: /home/josephjones/Documents/nvme/run/20220817_181319/nvme_health_check.pdf
