# StreamVersion 1.1
ExposeEvent 0 959 0 0 0 0
RenderEvent 0 959 0 0 0 0
LeftButtonPressEvent 630 446 0 0 0 0
StartInteractionEvent 630 446 0 0 0 0
MouseMoveEvent 630 445 0 0 0 0
RenderEvent 630 445 0 0 0 0
InteractionEvent 630 445 0 0 0 0
MouseMoveEvent 630 443 0 0 0 0
RenderEvent 630 443 0 0 0 0
InteractionEvent 630 443 0 0 0 0
MouseMoveEvent 630 441 0 0 0 0
RenderEvent 630 441 0 0 0 0
InteractionEvent 630 441 0 0 0 0
MouseMoveEvent 630 432 0 0 0 0
RenderEvent 630 432 0 0 0 0
InteractionEvent 630 432 0 0 0 0
MouseMoveEvent 627 420 0 0 0 0
RenderEvent 627 420 0 0 0 0
InteractionEvent 627 420 0 0 0 0
MouseMoveEvent 617 403 0 0 0 0
RenderEvent 617 403 0 0 0 0
InteractionEvent 617 403 0 0 0 0
MouseMoveEvent 603 383 0 0 0 0
RenderEvent 603 383 0 0 0 0
InteractionEvent 603 383 0 0 0 0
MouseMoveEvent 586 358 0 0 0 0
RenderEvent 586 358 0 0 0 0
InteractionEvent 586 358 0 0 0 0
MouseMoveEvent 566 334 0 0 0 0
RenderEvent 566 334 0 0 0 0
InteractionEvent 566 334 0 0 0 0
MouseMoveEvent 556 317 0 0 0 0
RenderEvent 556 317 0 0 0 0
InteractionEvent 556 317 0 0 0 0
MouseMoveEvent 541 296 0 0 0 0
RenderEvent 541 296 0 0 0 0
InteractionEvent 541 296 0 0 0 0
MouseMoveEvent 530 280 0 0 0 0
RenderEvent 530 280 0 0 0 0
InteractionEvent 530 280 0 0 0 0
MouseMoveEvent 518 263 0 0 0 0
RenderEvent 518 263 0 0 0 0
InteractionEvent 518 263 0 0 0 0
MouseMoveEvent 503 245 0 0 0 0
RenderEvent 503 245 0 0 0 0
InteractionEvent 503 245 0 0 0 0
MouseMoveEvent 482 225 0 0 0 0
RenderEvent 482 225 0 0 0 0
InteractionEvent 482 225 0 0 0 0
MouseMoveEvent 458 204 0 0 0 0
RenderEvent 458 204 0 0 0 0
InteractionEvent 458 204 0 0 0 0
MouseMoveEvent 440 191 0 0 0 0
RenderEvent 440 191 0 0 0 0
InteractionEvent 440 191 0 0 0 0
MouseMoveEvent 433 185 0 0 0 0
RenderEvent 433 185 0 0 0 0
InteractionEvent 433 185 0 0 0 0
MouseMoveEvent 426 179 0 0 0 0
RenderEvent 426 179 0 0 0 0
InteractionEvent 426 179 0 0 0 0
MouseMoveEvent 425 178 0 0 0 0
RenderEvent 425 178 0 0 0 0
InteractionEvent 425 178 0 0 0 0
MouseMoveEvent 424 178 0 0 0 0
RenderEvent 424 178 0 0 0 0
InteractionEvent 424 178 0 0 0 0
MouseMoveEvent 425 179 0 0 0 0
RenderEvent 425 179 0 0 0 0
InteractionEvent 425 179 0 0 0 0
MouseMoveEvent 429 185 0 0 0 0
RenderEvent 429 185 0 0 0 0
InteractionEvent 429 185 0 0 0 0
MouseMoveEvent 446 212 0 0 0 0
RenderEvent 446 212 0 0 0 0
InteractionEvent 446 212 0 0 0 0
MouseMoveEvent 470 245 0 0 0 0
RenderEvent 470 245 0 0 0 0
InteractionEvent 470 245 0 0 0 0
MouseMoveEvent 508 291 0 0 0 0
RenderEvent 508 291 0 0 0 0
InteractionEvent 508 291 0 0 0 0
MouseMoveEvent 544 336 0 0 0 0
RenderEvent 544 336 0 0 0 0
InteractionEvent 544 336 0 0 0 0
MouseMoveEvent 579 377 0 0 0 0
RenderEvent 579 377 0 0 0 0
InteractionEvent 579 377 0 0 0 0
MouseMoveEvent 612 415 0 0 0 0
RenderEvent 612 415 0 0 0 0
InteractionEvent 612 415 0 0 0 0
MouseMoveEvent 641 448 0 0 0 0
RenderEvent 641 448 0 0 0 0
InteractionEvent 641 448 0 0 0 0
MouseMoveEvent 659 474 0 0 0 0
RenderEvent 659 474 0 0 0 0
InteractionEvent 659 474 0 0 0 0
MouseMoveEvent 678 503 0 0 0 0
RenderEvent 678 503 0 0 0 0
InteractionEvent 678 503 0 0 0 0
MouseMoveEvent 687 516 0 0 0 0
RenderEvent 687 516 0 0 0 0
InteractionEvent 687 516 0 0 0 0
MouseMoveEvent 691 524 0 0 0 0
RenderEvent 691 524 0 0 0 0
InteractionEvent 691 524 0 0 0 0
MouseMoveEvent 694 527 0 0 0 0
RenderEvent 694 527 0 0 0 0
InteractionEvent 694 527 0 0 0 0
MouseMoveEvent 696 529 0 0 0 0
RenderEvent 696 529 0 0 0 0
InteractionEvent 696 529 0 0 0 0
LeftButtonReleaseEvent 696 529 0 0 0 0
EndInteractionEvent 696 529 0 0 0 0
RenderEvent 696 529 0 0 0 0
